<?xml version="1.0" encoding="UTF-8"?>
<!-- Generated by org.testng.reporters.JUnitXMLReporter -->
<testsuite hostname="LAPTOP-DK0697BP" ignored="0" name="Test" tests="4" failures="0" timestamp="01 May 2019 04:30:07 GMT" time="26.854" errors="0">
  <testcase name="enterbutton" time="0.006" classname="test.GoogleSearch"/>
  <testcase name="enterbutton1" time="0.009" classname="test.GoogleSearch2"/>
  <testcase name="entertext" time="4.768" classname="test.GoogleSearch"/>
  <testcase name="entertext1" time="4.976" classname="test.GoogleSearch2"/>
</testsuite> <!-- Test -->
